#
# There is insufficient memory for the Java Runtime Environment to continue.
# Native memory allocation (mmap) failed to map 536870912 bytes for Failed to commit area from 0x0000000600c00000 to 0x0000000620c00000 of length 536870912.
# Possible reasons:
#   The system is out of physical RAM or swap space
#   The process is running with CompressedOops enabled, and the Java Heap may be blocking the growth of the native heap
# Possible solutions:
#   Reduce memory load on the system
#   Increase physical memory or swap space
#   Check if swap backing store is full
#   Decrease Java heap size (-Xmx/-Xms)
#   Decrease number of Java threads
#   Decrease Java thread stack sizes (-Xss)
#   Set larger code cache with -XX:ReservedCodeCacheSize=
# This output file may be truncated or incomplete.
#
#  Out of Memory Error (./src/hotspot/os/windows/os_windows.cpp:3511), pid=9668, tid=34516
#
# JRE version:  (11.0.11+9) (build )
# Java VM: OpenJDK 64-Bit Server VM (11.0.11+9-b1504.13, mixed mode, sharing, tiered, compressed oops, g1 gc, windows-amd64)
# No core dump will be written. Minidumps are not enabled by default on client versions of Windows
#

---------------  S U M M A R Y ------------

Command Line: com.intellij.util.ReadEnv C:\Users\Dante\AppData\Local\Temp\intellij-cmd-env.17792620432177501953.tmp

Host: AMD Ryzen 7 2700 Eight-Core Processor          , 16 cores, 31G,  Windows 10 , 64 bit Build 19041 (10.0.19041.1348)
Time: Mon Dec 27 21:46:56 2021 Eastern Standard Time elapsed time: 0.016914 seconds (0d 0h 0m 0s)

---------------  T H R E A D  ---------------

Current thread (0x000001be542a5800):  JavaThread "Unknown thread" [_thread_in_vm, id=34516, stack(0x00000002dd600000,0x00000002dd700000)]

Stack: [0x00000002dd600000,0x00000002dd700000]
Native frames: (J=compiled Java code, j=interpreted, Vv=VM code, C=native code)
V  [jvm.dll+0x5f5d5a]
V  [jvm.dll+0x7798b5]
V  [jvm.dll+0x77aecd]
V  [jvm.dll+0x77b583]
V  [jvm.dll+0x244978]
V  [jvm.dll+0x5f3174]
V  [jvm.dll+0x5e7d55]
V  [jvm.dll+0x30068b]
V  [jvm.dll+0x3005fa]
V  [jvm.dll+0x3004d2]
V  [jvm.dll+0x3053c6]
V  [jvm.dll+0x34e0a3]
V  [jvm.dll+0x34e7a6]
V  [jvm.dll+0x34e1a3]
V  [jvm.dll+0x2db0c8]
V  [jvm.dll+0x2dc267]
V  [jvm.dll+0x758057]
V  [jvm.dll+0x75984c]
V  [jvm.dll+0x35b659]
V  [jvm.dll+0x73b67e]
V  [jvm.dll+0x3c39f3]
V  [jvm.dll+0x3c5dd1]
C  [jli.dll+0x5373]
C  [ucrtbase.dll+0x21bb2]
C  [KERNEL32.DLL+0x17034]
C  [ntdll.dll+0x52651]


---------------  P R O C E S S  ---------------

Threads class SMR info:
_java_thread_list=0x000001be52084c20, length=0, elements={
}

Java Threads: ( => current thread )

Other Threads:
  0x000001be542bd000 GCTaskThread "GC Thread#0" [stack: 0x00000002dd700000,0x00000002dd800000] [id=29552]
  0x000001be54340000 ConcurrentGCThread "G1 Main Marker" [stack: 0x00000002dd800000,0x00000002dd900000] [id=33908]
  0x000001be54341800 ConcurrentGCThread "G1 Conc#0" [stack: 0x00000002dd900000,0x00000002dda00000] [id=22356]

[error occurred during error reporting (printing all threads), id 0xc0000005, EXCEPTION_ACCESS_VIOLATION (0xc0000005) at pc=0x00007ff86d3db8f7]

VM state:not at safepoint (not fully initialized)

VM Mutex/Monitor currently owned by a thread:  ([mutex/lock_event])
[0x000001be542a2d30] Heap_lock - owner thread: 0x000001be542a5800

Heap address: 0x0000000600c00000, size: 8180 MB, Compressed Oops mode: Non-zero based: 0x0000000600c00000
Narrow klass base: 0x0000000000000000, Narrow klass shift: 0

GC Heap History (0 events):
No events

Deoptimization events (0 events):
No events

Classes redefined (0 events):
No events

Internal exceptions (0 events):
No events

Events (1 events):
Event: 0.010 Loaded shared library C:\Program Files\JetBrains\PyCharm 2021.2\jbr\bin\zip.dll


Dynamic libraries:
0x00007ff6008f0000 - 0x00007ff6008fa000 	C:\Program Files\JetBrains\PyCharm 2021.2\jbr\bin\java.exe
0x00007ff8dbfd0000 - 0x00007ff8dc1c5000 	C:\WINDOWS\SYSTEM32\ntdll.dll
0x00007ff8a6f50000 - 0x00007ff8a6f66000 	C:\Program Files\AVAST Software\Avast\aswhook.dll
0x00007ff8da8b0000 - 0x00007ff8da96e000 	C:\WINDOWS\System32\KERNEL32.DLL
0x00007ff8d9d40000 - 0x00007ff8da008000 	C:\WINDOWS\System32\KERNELBASE.dll
0x00007ff8d9710000 - 0x00007ff8d9810000 	C:\WINDOWS\System32\ucrtbase.dll
0x00007ff8c65d0000 - 0x00007ff8c65e9000 	C:\Program Files\JetBrains\PyCharm 2021.2\jbr\bin\jli.dll
0x00007ff8db560000 - 0x00007ff8db701000 	C:\WINDOWS\System32\USER32.dll
0x00007ff8d96e0000 - 0x00007ff8d9702000 	C:\WINDOWS\System32\win32u.dll
0x00007ff8c79a0000 - 0x00007ff8c7c3a000 	C:\WINDOWS\WinSxS\amd64_microsoft.windows.common-controls_6595b64144ccf1df_6.0.19041.1110_none_60b5254171f9507e\COMCTL32.dll
0x00007ff8da160000 - 0x00007ff8da1fe000 	C:\WINDOWS\System32\msvcrt.dll
0x00007ff8da200000 - 0x00007ff8da22b000 	C:\WINDOWS\System32\GDI32.dll
0x00007ff8d9900000 - 0x00007ff8d9a0d000 	C:\WINDOWS\System32\gdi32full.dll
0x00007ff8d9a90000 - 0x00007ff8d9b2d000 	C:\WINDOWS\System32\msvcp_win.dll
0x00007ff8c4df0000 - 0x00007ff8c4e07000 	C:\Program Files\JetBrains\PyCharm 2021.2\jbr\bin\VCRUNTIME140.dll
0x00007ff8dadf0000 - 0x00007ff8dae20000 	C:\WINDOWS\System32\IMM32.DLL
0x00007ff8b2fa0000 - 0x00007ff8b303d000 	C:\Program Files\JetBrains\PyCharm 2021.2\jbr\bin\msvcp140.dll
0x00007ff86d0f0000 - 0x00007ff86dc3a000 	C:\Program Files\JetBrains\PyCharm 2021.2\jbr\bin\server\jvm.dll
0x00007ff8db0a0000 - 0x00007ff8db14c000 	C:\WINDOWS\System32\ADVAPI32.dll
0x00007ff8da010000 - 0x00007ff8da0ab000 	C:\WINDOWS\System32\sechost.dll
0x00007ff8daf70000 - 0x00007ff8db09a000 	C:\WINDOWS\System32\RPCRT4.dll
0x00007ff8daee0000 - 0x00007ff8daee8000 	C:\WINDOWS\System32\PSAPI.DLL
0x00007ff8c2250000 - 0x00007ff8c2259000 	C:\WINDOWS\SYSTEM32\WSOCK32.dll
0x00007ff8db1b0000 - 0x00007ff8db21b000 	C:\WINDOWS\System32\WS2_32.dll
0x00007ff8cf240000 - 0x00007ff8cf24a000 	C:\WINDOWS\SYSTEM32\VERSION.dll
0x00007ff8cdc00000 - 0x00007ff8cdc27000 	C:\WINDOWS\SYSTEM32\WINMM.dll
0x00007ff8d7f30000 - 0x00007ff8d7f42000 	C:\WINDOWS\SYSTEM32\kernel.appcore.dll
0x00007ff8d0d60000 - 0x00007ff8d0d71000 	C:\Program Files\JetBrains\PyCharm 2021.2\jbr\bin\verify.dll
0x00007ff8d10a0000 - 0x00007ff8d1284000 	C:\WINDOWS\SYSTEM32\DBGHELP.DLL
0x00007ff8cb6a0000 - 0x00007ff8cb6cc000 	C:\WINDOWS\SYSTEM32\dbgcore.DLL
0x00007ff8d9870000 - 0x00007ff8d98f2000 	C:\WINDOWS\System32\bcryptPrimitives.dll
0x00007ff8c6ac0000 - 0x00007ff8c6ae9000 	C:\Program Files\JetBrains\PyCharm 2021.2\jbr\bin\java.dll
0x00007ff8d4110000 - 0x00007ff8d411b000 	C:\Program Files\JetBrains\PyCharm 2021.2\jbr\bin\jimage.dll
0x00007ff8cd920000 - 0x00007ff8cd938000 	C:\Program Files\JetBrains\PyCharm 2021.2\jbr\bin\zip.dll

dbghelp: loaded successfully - version: 4.0.5 - missing functions: none
symbol engine: initialized successfully - sym options: 0x614 - pdb path: .;C:\Program Files\JetBrains\PyCharm 2021.2\jbr\bin;C:\WINDOWS\SYSTEM32;C:\Program Files\AVAST Software\Avast;C:\WINDOWS\WinSxS\amd64_microsoft.windows.common-controls_6595b64144ccf1df_6.0.19041.1110_none_60b5254171f9507e;C:\Program Files\JetBrains\PyCharm 2021.2\jbr\bin\server

VM Arguments:
java_command: com.intellij.util.ReadEnv C:\Users\Dante\AppData\Local\Temp\intellij-cmd-env.17792620432177501953.tmp
java_class_path (initial): C:\Program Files\JetBrains\PyCharm 2021.2\lib\util.jar
Launcher Type: SUN_STANDARD

[Global flags]
     intx CICompilerCount                          = 12                                        {product} {ergonomic}
     uint ConcGCThreads                            = 3                                         {product} {ergonomic}
     uint G1ConcRefinementThreads                  = 13                                        {product} {ergonomic}
   size_t G1HeapRegionSize                         = 2097152                                   {product} {ergonomic}
    uintx GCDrainStackTargetSize                   = 64                                        {product} {ergonomic}
   size_t InitialHeapSize                          = 536870912                                 {product} {ergonomic}
   size_t MarkStackSize                            = 4194304                                   {product} {ergonomic}
   size_t MaxHeapSize                              = 8577351680                                {product} {ergonomic}
   size_t MinHeapDeltaBytes                        = 2097152                                   {product} {ergonomic}
    uintx NonNMethodCodeHeapSize                   = 7594288                                {pd product} {ergonomic}
    uintx NonProfiledCodeHeapSize                  = 122031976                              {pd product} {ergonomic}
    uintx ProfiledCodeHeapSize                     = 122031976                              {pd product} {ergonomic}
    uintx ReservedCodeCacheSize                    = 251658240                              {pd product} {ergonomic}
     bool SegmentedCodeCache                       = true                                      {product} {ergonomic}
     bool UseCompressedClassPointers               = true                                 {lp64_product} {ergonomic}
     bool UseCompressedOops                        = true                                 {lp64_product} {ergonomic}
     bool UseG1GC                                  = true                                      {product} {ergonomic}
     bool UseLargePagesIndividualAllocation        = false                                  {pd product} {ergonomic}

Logging:
Log output configuration:
 #0: stdout all=warning uptime,level,tags
 #1: stderr all=off uptime,level,tags

Environment Variables:
JAVA_HOME=C:\Program Files\Java\jdk1.8.0_201
JRE_HOME=C:\Program Files\Java\jdk1.8.0_201\jre
CLASSPATH=.;C:\Program Files\Java\jdk1.8.0_201\lib;C:\Program Files\Java\jdk1.8.0_201\jre\lib
PATH=C:\Capstone\flaskProject\Scripts;C:\Program Files\ImageMagick-7.1.0-Q16-HDRI;C:\Program Files (x86)\NVIDIA Corporation\PhysX\Common;C:\Program Files (x86)\Common Files\Oracle\Java\javapath;C:\ProgramData\Oracle\Java\javapath;C:\WINDOWS\system32;C:\WINDOWS;C:\WINDOWS\System32\Wbem;C:\WINDOWS\System32\WindowsPowerShell\v1.0\;c:\Program Files (x86)\ATI Technologies\ATI.ACE\Core-Static;C:\Program Files (x86)\Windows Live\Shared;C:\Program Files (x86)\ActivIdentity\ActivClient\;C:\Program Files\ActivIdentity\ActivClient\;C:\Program Files (x86)\ApproveIt\;C:\Program Files (x86)\ApproveIt\ThirdParty\Bin\;C:\Program Files\Microsoft SQL Server\110\Tools\Binn\;C:\Program Files\Microsoft SQL Server\120\Tools\Binn\;C:\Program Files (x86)\GtkSharp\2.12\bin;C:\Program Files (x86)\AMD\ATI.ACE\Core-Static;C:\MinGW\bin\;C:\Program Files (x86)\Common Files\Acronis\SnapAPI\;C:\Program Files\Git\cmd;C:\Program Files\dotnet\;C:\Program Files\Microsoft VS Code\bin;C:\Program Files\Java\jdk1.8.0_201\bin;C:\WINDOWS\System32\OpenSSH\;C:\Program Files\Intel\WiFi\bin\;C:\Program Files\Common Files\Intel\WirelessCommon\;C:\Program Files (x86)\dotnet\;c:\users\dante\appdata\local\programs\python\python37-32\lib\site-packages;E:\nodejs\;C:\Program Files\Docker\Docker\resources\bin;C:\ProgramData\DockerDesktop\version-bin;C:\Program Files\MySQL\MySQL Shell 8.0\bin\;C:\Users\Dante\AppData\Local\Programs\Python\Python37-32\Scripts\;C:\Users\Dante\AppData\Local\Programs\Python\Python37-32\;C:\Program Files (x86)\HMA! Pro VPN\bin;C:\Program Files\Java\jdk1.8.0_201\bin;C:\Users\Dante\AppData\Local\atom\bin;C:\cc65\bin;C:\Program Files\Microsoft VS Code\bin;C:\Users\Dante\AppData\Local\GitHubDesktop\bin;C:\Program Files\apache-maven-3.6.0\bin;C:\Program Files\JetBrains\IntelliJ IDEA Community Edition 2018.3.5\bin;;C:\Program Files\Java\jdk1.8.0_201\bin;C:\Users\Dante\AppData\Local\Microsoft\WindowsApps;C:\Program Files\Intel\WiFi\bin\;C:\Program Files\Common Files\Intel\WirelessCommon\;C:\Program Fil
USERNAME=Dante
OS=Windows_NT
PROCESSOR_IDENTIFIER=AMD64 Family 23 Model 8 Stepping 2, AuthenticAMD



---------------  S Y S T E M  ---------------

OS: Windows 10 , 64 bit Build 19041 (10.0.19041.1348)
OS uptime: 8 days 11:26 hours
Hyper-V role detected

CPU:total 16 (initial active 16) (16 cores per cpu, 2 threads per core) family 23 model 8 stepping 2 microcode 0x0, cmov, cx8, fxsr, mmx, sse, sse2, sse3, ssse3, sse4.1, sse4.2, popcnt, avx, avx2, aes, clmul, mmxext, 3dnowpref, lzcnt, sse4a, ht, tsc, tscinvbit, tscinv, bmi1, bmi2, adx, s

Memory: 4k page, system-wide physical 32716M (6575M free)
TotalPageFile size 37701M (AvailPageFile size 181M)
current process WorkingSet (physical memory assigned to process): 10M, peak: 10M
current process commit charge ("private bytes"): 71M, peak: 583M

vm_info: OpenJDK 64-Bit Server VM (11.0.11+9-b1504.13) for windows-amd64 JRE (11.0.11+9-b1504.13), built on Jul 18 2021 03:17:44 by "" with MS VC++ 14.0 (VS2015)

END.
